[debug] ----------------------------------------------------------------------
[debug] Command:      C:\Program Files\nodejs\node.exe C:\Users\pcoffey\AppData\Roaming\npm\node_modules\firebase-tools\bin\firebase serve
[debug] CLI Version:  3.5.0
[debug] Platform:     win32
[debug] Node Version: v6.10.0
[debug] Time:         Fri Mar 10 2017 11:32:48 GMT+0900 (東京 (標準時))
[debug] ----------------------------------------------------------------------
[debug] 
[info] Starting Firebase development server...
[info] 
[info] Project Directory: D:\development\friendlychat\web-start
[info] Public Directory: ./
[info] 
[info] Server listening at: http://localhost:5000
[debug] ----------------------------------------------------------------------
[debug] Command:      C:\Program Files\nodejs\node.exe C:\Users\pcoffey\AppData\Roaming\npm\node_modules\firebase-tools\bin\firebase serve
[debug] CLI Version:  3.5.0
[debug] Platform:     win32
[debug] Node Version: v6.10.0
[debug] Time:         Mon Mar 13 2017 09:58:31 GMT+0900 (東京 (標準時))
[debug] ----------------------------------------------------------------------
[debug] 
[info] Starting Firebase development server...
[info] 
[info] Project Directory: D:\development\friendlychat\web-start
[info] Public Directory: ./
[info] 
[info] Server listening at: http://localhost:5000
[debug] ----------------------------------------------------------------------
[debug] Command:      C:\Program Files\nodejs\node.exe C:\Users\pcoffey\AppData\Roaming\npm\node_modules\firebase-tools\bin\firebase serve
[debug] CLI Version:  3.5.0
[debug] Platform:     win32
[debug] Node Version: v6.10.0
[debug] Time:         Mon Mar 13 2017 10:32:01 GMT+0900 (東京 (標準時))
[debug] ----------------------------------------------------------------------
[debug] 
[info] Starting Firebase development server...
[info] 
[info] Project Directory: D:\development\friendlychat\web-start
[info] Public Directory: ./
[info] 
[info] Server listening at: http://localhost:5000
